{
  "stats": {
    "suites": 1,
    "tests": 2,
    "passes": 2,
    "pending": 0,
    "failures": 0,
    "start": "2023-02-09T22:58:36.032Z",
    "end": "2023-02-09T22:58:47.073Z",
    "duration": 11041,
    "testsRegistered": 2,
    "passPercent": 100,
    "pendingPercent": 0,
    "other": 0,
    "hasOther": false,
    "skipped": 0,
    "hasSkipped": false
  },
  "results": [
    {
      "uuid": "a7d0961b-16e7-47e4-a54d-734caa4d2d0e",
      "title": "",
      "fullFile": "cypress/integration/payment/Payment.feature",
      "file": "cypress/integration/payment/Payment.feature",
      "beforeHooks": [],
      "afterHooks": [],
      "tests": [],
      "suites": [
        {
          "uuid": "c1d86fbe-9d34-4552-90d0-1068759ab538",
          "title": "Payment",
          "fullFile": "",
          "file": "",
          "beforeHooks": [],
          "afterHooks": [],
          "tests": [
            {
              "title": "1.Add Product",
              "fullTitle": "Payment 1.Add Product",
              "timedOut": null,
              "duration": 6234,
              "state": "passed",
              "speed": "medium",
              "pass": true,
              "fail": false,
              "pending": false,
              "context": null,
              "code": "const state = window.testState;\nreturn cy\n  .then(() => state.onStartScenario(scenario, indexedSteps))\n  .then(() =>\n    resolveAndRunBeforeHooks.call(this, scenario.tags, state.feature.name)\n  )\n  .then(() =>\n    indexedSteps.forEach((step) =>\n      stepTest.call(this, state, step, rowData)\n    )\n  )\n  .then(() => state.onFinishScenario(scenario));",
              "err": {},
              "uuid": "a414543d-b0c4-4ca3-9ab5-f10fbeed1896",
              "parentUUID": "c1d86fbe-9d34-4552-90d0-1068759ab538",
              "isHook": false,
              "skipped": false
            },
            {
              "title": "2.Add Product",
              "fullTitle": "Payment 2.Add Product",
              "timedOut": null,
              "duration": 4634,
              "state": "passed",
              "speed": "fast",
              "pass": true,
              "fail": false,
              "pending": false,
              "context": null,
              "code": "const state = window.testState;\nreturn cy\n  .then(() => state.onStartScenario(scenario, indexedSteps))\n  .then(() =>\n    resolveAndRunBeforeHooks.call(this, scenario.tags, state.feature.name)\n  )\n  .then(() =>\n    indexedSteps.forEach((step) =>\n      stepTest.call(this, state, step, rowData)\n    )\n  )\n  .then(() => state.onFinishScenario(scenario));",
              "err": {},
              "uuid": "1bea8084-4cda-4ab8-9f09-29917052d3d6",
              "parentUUID": "c1d86fbe-9d34-4552-90d0-1068759ab538",
              "isHook": false,
              "skipped": false
            }
          ],
          "suites": [],
          "passes": [
            "a414543d-b0c4-4ca3-9ab5-f10fbeed1896",
            "1bea8084-4cda-4ab8-9f09-29917052d3d6"
          ],
          "failures": [],
          "pending": [],
          "skipped": [],
          "duration": 10868,
          "root": false,
          "rootEmpty": false,
          "_timeout": 2000
        }
      ],
      "passes": [],
      "failures": [],
      "pending": [],
      "skipped": [],
      "duration": 0,
      "root": true,
      "rootEmpty": true,
      "_timeout": 2000
    }
  ],
  "meta": {
    "mocha": {
      "version": "7.0.1"
    },
    "mochawesome": {
      "options": {
        "quiet": false,
        "reportFilename": "mochawesome",
        "saveHtml": true,
        "saveJson": true,
        "consoleReporter": "spec",
        "useInlineDiffs": false,
        "code": true
      },
      "version": "7.1.3"
    },
    "marge": {
      "options": null,
      "version": "6.2.0"
    }
  }
}